<?xml version="1.0" encoding="UTF-8"?>
<!-- Generated by org.testng.reporters.JUnitReportReporter -->
<testsuite hostname="DESKTOP-7UUT0JG" failures="0" tests="1" name="Practice.SoftAssert1" time="0.113" errors="0" timestamp="2022-08-30T12:18:48 IST" skipped="0">
  <testcase classname="Practice.SoftAssert1" name="checkAssertion" time="0.113"/>
  <system-out/>
</testsuite> <!-- Practice.SoftAssert1 -->
