<?xml version="1.0" encoding="UTF-8"?>
<!-- Generated by org.testng.reporters.JUnitReportReporter -->
<testsuite hostname="DESKTOP-7UUT0JG" failures="0" tests="1" name="Practice.HardAssert" time="0.114" errors="0" timestamp="2022-08-29T22:45:12 IST" skipped="0">
  <testcase classname="Practice.HardAssert" name="checkAssertion" time="0.114"/>
  <system-out/>
</testsuite> <!-- Practice.HardAssert -->
