<?xml version="1.0" encoding="UTF-8"?>
<!-- Generated by org.testng.reporters.JUnitReportReporter -->
<testsuite hostname="DESKTOP-7UUT0JG" failures="0" tests="2" name="com.ArrayTest.a" time="0.009" errors="0" timestamp="2022-08-01T15:58:55 IST" skipped="0">
  <testcase classname="com.ArrayTest.a" name="a2" time="0.004"/>
  <system-out/>
  <testcase classname="com.ArrayTest.a" name="a1" time="0.005"/>
  <system-out/>
</testsuite> <!-- com.ArrayTest.a -->
