<?xml version="1.0" encoding="UTF-8"?>
<!-- Generated by org.testng.reporters.JUnitReportReporter -->
<testsuite hostname="DESKTOP-7UUT0JG" failures="0" tests="2" name="com.vtiger.practiceTestNGTest.TestNGPracticeTest" time="0.013" errors="0" timestamp="2022-05-20T12:55:03 IST" skipped="0">
  <testcase classname="com.vtiger.practiceTestNGTest.TestNGPracticeTest" name="practiceTest1" time="0.002"/>
  <system-out/>
  <testcase classname="com.vtiger.practiceTestNGTest.TestNGPracticeTest" name="practiceTest" time="0.011"/>
  <system-out>
    <![CDATA[bye
hemlo
shush]]>
  </system-out>
</testsuite> <!-- com.vtiger.practiceTestNGTest.TestNGPracticeTest -->
