<?xml version="1.0" encoding="UTF-8"?>
<!-- Generated by org.testng.reporters.JUnitReportReporter -->
<testsuite hostname="DESKTOP-7UUT0JG" failures="0" tests="3" name="com.vtiger.practiceTestNGTest.TestNgPractice2Test" time="0.008" errors="0" timestamp="2022-05-20T15:02:45 IST" skipped="0">
  <testcase classname="com.vtiger.practiceTestNGTest.TestNgPractice2Test" name="practice5Test" time="0.003"/>
  <system-out>
    <![CDATA[TestNgPractice2Test--> Test5]]>
  </system-out>
  <testcase classname="com.vtiger.practiceTestNGTest.TestNgPractice2Test" name="practice6Test" time="0.003"/>
  <system-out>
    <![CDATA[TestNgPractice2Test--> Test6]]>
  </system-out>
  <testcase classname="com.vtiger.practiceTestNGTest.TestNgPractice2Test" name="practice4Test" time="0.002"/>
  <system-out>
    <![CDATA[TestNgPractice2Test--> Test4]]>
  </system-out>
</testsuite> <!-- com.vtiger.practiceTestNGTest.TestNgPractice2Test -->
