<?xml version="1.0" encoding="UTF-8"?>
<!-- Generated by org.testng.reporters.JUnitReportReporter -->
<testsuite hostname="DESKTOP-7UUT0JG" failures="0" tests="3" name="com.vitiger.contactsTest.CreateContactsTest" time="82.014" errors="0" timestamp="2022-05-23T12:37:54 IST" skipped="0">
  <testcase classname="com.vitiger.contactsTest.CreateContactsTest" name="createContactTest" time="29.499"/>
  <system-out/>
  <testcase classname="com.vitiger.contactsTest.CreateContactsTest" name="createContactTest" time="11.734"/>
  <system-out/>
  <testcase classname="com.vitiger.contactsTest.CreateContactsTest" name="createContactTest" time="40.781"/>
  <system-out/>
</testsuite> <!-- com.vitiger.contactsTest.CreateContactsTest -->
