<?xml version="1.0" encoding="UTF-8"?>
<!-- Generated by org.testng.reporters.JUnitReportReporter -->
<testsuite hostname="DESKTOP-7UUT0JG" failures="0" tests="1" name="com.HealthandGlowScenerios.hashset" time="19.101" errors="0" timestamp="2022-09-05T11:58:56 IST" skipped="0">
  <testcase classname="com.HealthandGlowScenerios.hashset" name="nailpolish" time="19.101"/>
  <system-out/>
</testsuite> <!-- com.HealthandGlowScenerios.hashset -->
