<?xml version="1.0" encoding="UTF-8"?>
<!-- Generated by org.testng.reporters.JUnitReportReporter -->
<testsuite hostname="DESKTOP-7UUT0JG" failures="0" tests="1" name="com.HealthandGlowScenerios.thirdScenerio" time="20.887" errors="0" timestamp="2022-09-05T10:00:52 IST" skipped="0">
  <testcase classname="com.HealthandGlowScenerios.thirdScenerio" name="enterOlay" time="20.887"/>
  <system-out/>
</testsuite> <!-- com.HealthandGlowScenerios.thirdScenerio -->
