<?xml version="1.0" encoding="UTF-8"?>
<!-- Generated by org.testng.reporters.JUnitReportReporter -->
<testsuite hostname="DESKTOP-7UUT0JG" failures="0" tests="3" name="com.vitiger.organizationTest.CreateOrganizationTest" time="69.831" errors="0" timestamp="2022-05-23T12:37:54 IST" skipped="0">
  <testcase classname="com.vitiger.organizationTest.CreateOrganizationTest" name="createOrganizationTest" time="11.465"/>
  <system-out/>
  <testcase classname="com.vitiger.organizationTest.CreateOrganizationTest" name="createOrganizationTest" time="26.626"/>
  <system-out/>
  <testcase classname="com.vitiger.organizationTest.CreateOrganizationTest" name="createOrganizationTest" time="31.740"/>
  <system-out/>
</testsuite> <!-- com.vitiger.organizationTest.CreateOrganizationTest -->
