<?xml version="1.0" encoding="UTF-8"?>
<!-- Generated by org.testng.reporters.JUnitReportReporter -->
<testsuite hostname="DESKTOP-7UUT0JG" failures="0" tests="1" name="com.Goibibo.GoibiboDate" time="3.994" errors="0" timestamp="2022-09-10T19:56:54 IST" skipped="0">
  <testcase classname="com.Goibibo.GoibiboDate" name="demo" time="3.994"/>
  <system-out/>
</testsuite> <!-- com.Goibibo.GoibiboDate -->
