<?xml version="1.0" encoding="UTF-8"?>
<!-- Generated by org.testng.reporters.JUnitReportReporter -->
<testsuite hostname="DESKTOP-7UUT0JG" failures="0" tests="1" name="com.ArrayTest.PracticeTest3" time="0.006" errors="0" timestamp="2022-05-24T12:59:40 IST" skipped="0">
  <testcase classname="com.ArrayTest.PracticeTest3" name="practice1" time="0.006"/>
  <system-out/>
</testsuite> <!-- com.ArrayTest.PracticeTest3 -->
