<?xml version="1.0" encoding="UTF-8"?>
<!-- Generated by org.testng.reporters.JUnitReportReporter -->
<testsuite hostname="DESKTOP-7UUT0JG" failures="0" tests="3" name="com.vtiger.practiceTestNGTest.TestNgPractice1Test" time="0.016" errors="0" timestamp="2022-05-20T15:02:45 IST" skipped="0">
  <testcase classname="com.vtiger.practiceTestNGTest.TestNgPractice1Test" name="practice1Test" time="0.010"/>
  <system-out>
    <![CDATA[TestNgPractice1Test--> Test1]]>
  </system-out>
  <testcase classname="com.vtiger.practiceTestNGTest.TestNgPractice1Test" name="practice2Test" time="0.003"/>
  <system-out>
    <![CDATA[TestNgPractice1Test--> Test2]]>
  </system-out>
  <testcase classname="com.vtiger.practiceTestNGTest.TestNgPractice1Test" name="practice3Test" time="0.003"/>
  <system-out>
    <![CDATA[TestNgPractice1Test--> Test3]]>
  </system-out>
</testsuite> <!-- com.vtiger.practiceTestNGTest.TestNgPractice1Test -->
