<?xml version="1.0" encoding="UTF-8"?>
<!-- Generated by org.testng.reporters.JUnitReportReporter -->
<testsuite hostname="DESKTOP-7UUT0JG" failures="0" tests="3" name="com.vtiger.productsTest.CreateProductsTest" time="74.532" errors="0" timestamp="2022-05-23T12:37:54 IST" skipped="0">
  <testcase classname="com.vtiger.productsTest.CreateProductsTest" name="createProductTest" time="10.616"/>
  <system-out/>
  <testcase classname="com.vtiger.productsTest.CreateProductsTest" name="createProductTest" time="32.503"/>
  <system-out/>
  <testcase classname="com.vtiger.productsTest.CreateProductsTest" name="createProductTest" time="31.413"/>
  <system-out/>
</testsuite> <!-- com.vtiger.productsTest.CreateProductsTest -->
