<?xml version="1.0" encoding="UTF-8"?>
<!-- Generated by org.testng.reporters.JUnitReportReporter -->
<testsuite hostname="DESKTOP-7UUT0JG" failures="0" tests="1" name="com.Goibibo.GoibiboDate" time="4.160" errors="0" timestamp="2022-09-09T10:14:41 IST" skipped="0">
  <testcase classname="com.Goibibo.GoibiboDate" name="demo" time="4.160"/>
  <system-out/>
</testsuite> <!-- com.Goibibo.GoibiboDate -->
