<?xml version="1.0" encoding="UTF-8"?>
<!-- Generated by org.testng.reporters.JUnitReportReporter -->
<testsuite hostname="DESKTOP-7UUT0JG" failures="0" tests="2" name="com.ArrayTest.b" time="0.077" errors="0" timestamp="2022-08-01T15:58:55 IST" skipped="0">
  <testcase classname="com.ArrayTest.b" name="b2" time="0.003"/>
  <system-out/>
  <testcase classname="com.ArrayTest.b" name="b1" time="0.074"/>
  <system-out/>
</testsuite> <!-- com.ArrayTest.b -->
